Using pre-set license
Built from '2022.3/staging' branch; Version is '2022.3.43f1 (85497d293fa1) revision 8735101'; Using compiler version '192829333'; Build Type 'Release'
OS: 'Windows 11  (10.0.22631) 64bit CoreSingleLanguage' Language: 'en' Physical Memory: 15724 MB
BatchMode: 1, IsHumanControllingUs: 0, StartBugReporterOnCrash: 0, Is64bit: 1, IsPro: 1

COMMAND LINE ARGUMENTS:
C:\Program Files\Unity\Hub\Editor\2022.3.43f1\Editor\Unity.exe
-adb2
-batchMode
-noUpm
-name
AssetImportWorker6
-projectPath
C:/Users/ADMIN/Downloads/Đồ Án CNTT - Cô An/Project-01/Game2D_H
-logFile
Logs/AssetImportWorker6.log
-srvPort
59062
Successfully changed project path to: C:/Users/ADMIN/Downloads/Đồ Án CNTT - Cô An/Project-01/Game2D_H
C:/Users/ADMIN/Downloads/Đồ Án CNTT - Cô An/Project-01/Game2D_H
[UnityMemory] Configuration Parameters - Can be set up in boot.config
    "memorysetup-bucket-allocator-granularity=16"
    "memorysetup-bucket-allocator-bucket-count=8"
    "memorysetup-bucket-allocator-block-size=33554432"
    "memorysetup-bucket-allocator-block-count=8"
    "memorysetup-main-allocator-block-size=16777216"
    "memorysetup-thread-allocator-block-size=16777216"
    "memorysetup-gfx-main-allocator-block-size=16777216"
    "memorysetup-gfx-thread-allocator-block-size=16777216"
    "memorysetup-cache-allocator-block-size=4194304"
    "memorysetup-typetree-allocator-block-size=2097152"
    "memorysetup-profiler-bucket-allocator-granularity=16"
    "memorysetup-profiler-bucket-allocator-bucket-count=8"
    "memorysetup-profiler-bucket-allocator-block-size=33554432"
    "memorysetup-profiler-bucket-allocator-block-count=8"
    "memorysetup-profiler-allocator-block-size=16777216"
    "memorysetup-profiler-editor-allocator-block-size=1048576"
    "memorysetup-temp-allocator-size-main=16777216"
    "memorysetup-job-temp-allocator-block-size=2097152"
    "memorysetup-job-temp-allocator-block-size-background=1048576"
    "memorysetup-job-temp-allocator-reduction-small-platforms=262144"
    "memorysetup-allocator-temp-initial-block-size-main=262144"
    "memorysetup-allocator-temp-initial-block-size-worker=262144"
    "memorysetup-temp-allocator-size-background-worker=32768"
    "memorysetup-temp-allocator-size-job-worker=262144"
    "memorysetup-temp-allocator-size-preload-manager=33554432"
    "memorysetup-temp-allocator-size-nav-mesh-worker=65536"
    "memorysetup-temp-allocator-size-audio-worker=65536"
    "memorysetup-temp-allocator-size-cloud-worker=32768"
    "memorysetup-temp-allocator-size-gi-baking-worker=262144"
    "memorysetup-temp-allocator-size-gfx=262144"
Player connection [27848]  Target information:

Player connection [27848]  * "[IP] 192.168.56.1 [Port] 0 [Flags] 2 [Guid] 3589418644 [EditorId] 3589418644 [Version] 1048832 [Id] WindowsEditor(7,LAPTOP-7D271VJA) [Debug] 1 [PackageName] WindowsEditor [ProjectName] Editor" 

Player connection [27848]  * "[IP] 26.250.198.219 [Port] 0 [Flags] 2 [Guid] 3589418644 [EditorId] 3589418644 [Version] 1048832 [Id] WindowsEditor(7,LAPTOP-7D271VJA) [Debug] 1 [PackageName] WindowsEditor [ProjectName] Editor" 

Player connection [27848]  * "[IP] 192.168.101.4 [Port] 0 [Flags] 2 [Guid] 3589418644 [EditorId] 3589418644 [Version] 1048832 [Id] WindowsEditor(7,LAPTOP-7D271VJA) [Debug] 1 [PackageName] WindowsEditor [ProjectName] Editor" 

Player connection [27848] Host joined multi-casting on [225.0.0.222:54997]...
Player connection [27848] Host joined alternative multi-casting on [225.0.0.222:34997]...
[PhysX] Initialized MultithreadedTaskDispatcher with 12 workers.
Refreshing native plugins compatible for Editor in 14.60 ms, found 4 plugins.
Preloading 0 native plugins for Editor in 0.00 ms.
Initialize engine version: 2022.3.43f1 (85497d293fa1)
[Subsystems] Discovering subsystems at path C:/Program Files/Unity/Hub/Editor/2022.3.43f1/Editor/Data/Resources/UnitySubsystems
[Subsystems] Discovering subsystems at path C:/Users/ADMIN/Downloads/Đồ Án CNTT - Cô An/Project-01/Game2D_H/Assets
GfxDevice: creating device client; threaded=0; jobified=0
Direct3D:
    Version:  Direct3D 11.0 [level 11.1]
    Renderer: NVIDIA GeForce RTX 3050 Laptop GPU (ID=0x25a2)
    Vendor:   NVIDIA
    VRAM:     3991 MB
    Driver:   30.0.15.1274
Initialize mono
Mono path[0] = 'C:/Program Files/Unity/Hub/Editor/2022.3.43f1/Editor/Data/Managed'
Mono path[1] = 'C:/Program Files/Unity/Hub/Editor/2022.3.43f1/Editor/Data/MonoBleedingEdge/lib/mono/unityjit-win32'
Mono config path = 'C:/Program Files/Unity/Hub/Editor/2022.3.43f1/Editor/Data/MonoBleedingEdge/etc'
Using monoOptions --debugger-agent=transport=dt_socket,embedding=1,server=y,suspend=n,address=127.0.0.1:56796
Begin MonoManager ReloadAssembly
Registering precompiled unity dll's ...
Register platform support module: C:/Program Files/Unity/Hub/Editor/2022.3.43f1/Editor/Data/PlaybackEngines/WebGLSupport/UnityEditor.WebGL.Extensions.dll
Register platform support module: C:/Program Files/Unity/Hub/Editor/2022.3.43f1/Editor/Data/PlaybackEngines/WindowsStandaloneSupport/UnityEditor.WindowsStandalone.Extensions.dll
Registered in 0.008233 seconds.
- Loaded All Assemblies, in  0.465 seconds
Native extension for WindowsStandalone target not found
Native extension for WebGL target not found
Mono: successfully reloaded assembly
- Finished resetting the current domain, in  0.342 seconds
Domain Reload Profiling: 805ms
	BeginReloadAssembly (131ms)
		ExecutionOrderSort (0ms)
		DisableScriptedObjects (0ms)
		BackupInstance (0ms)
		ReleaseScriptingObjects (0ms)
		CreateAndSetChildDomain (1ms)
	RebuildCommonClasses (47ms)
	RebuildNativeTypeToScriptingClass (12ms)
	initialDomainReloadingComplete (74ms)
	LoadAllAssembliesAndSetupDomain (199ms)
		LoadAssemblies (128ms)
		RebuildTransferFunctionScriptingTraits (0ms)
		AnalyzeDomain (196ms)
			TypeCache.Refresh (194ms)
				TypeCache.ScanAssembly (175ms)
			ScanForSourceGeneratedMonoScriptInfo (1ms)
			ResolveRequiredComponents (1ms)
	FinalizeReload (342ms)
		ReleaseScriptCaches (0ms)
		RebuildScriptCaches (0ms)
		SetupLoadedEditorAssemblies (283ms)
			LogAssemblyErrors (0ms)
			InitializePlatformSupportModulesInManaged (18ms)
			SetLoadedEditorAssemblies (8ms)
			RefreshPlugins (0ms)
			BeforeProcessingInitializeOnLoad (3ms)
			ProcessInitializeOnLoadAttributes (208ms)
			ProcessInitializeOnLoadMethodAttributes (46ms)
			AfterProcessingInitializeOnLoad (0ms)
			EditorAssembliesLoaded (0ms)
		ExecutionOrderSort2 (0ms)
		AwakeInstancesAfterBackupRestoration (0ms)
========================================================================
Worker process is ready to serve import requests
Caller must complete domain reload
Begin MonoManager ReloadAssembly
- Loaded All Assemblies, in  0.648 seconds
Native extension for WindowsStandalone target not found
Native extension for WebGL target not found
Package Manager log level set to [2]
[Package Manager] Server::EnsureServerProcessIsRunning -- launch failed, reason: Unity was launched with the -noUpm command-line argument
[Package Manager] UpmClient::Send -- Unable to send message (not connected to UPM process).
[Package Manager] Cannot connect to Unity Package Manager local server
Mono: successfully reloaded assembly
- Finished resetting the current domain, in  0.861 seconds
Domain Reload Profiling: 1505ms
	BeginReloadAssembly (154ms)
		ExecutionOrderSort (0ms)
		DisableScriptedObjects (6ms)
		BackupInstance (0ms)
		ReleaseScriptingObjects (0ms)
		CreateAndSetChildDomain (26ms)
	RebuildCommonClasses (32ms)
	RebuildNativeTypeToScriptingClass (10ms)
	initialDomainReloadingComplete (42ms)
	LoadAllAssembliesAndSetupDomain (405ms)
		LoadAssemblies (306ms)
		RebuildTransferFunctionScriptingTraits (0ms)
		AnalyzeDomain (180ms)
			TypeCache.Refresh (147ms)
				TypeCache.ScanAssembly (134ms)
			ScanForSourceGeneratedMonoScriptInfo (24ms)
			ResolveRequiredComponents (8ms)
	FinalizeReload (861ms)
		ReleaseScriptCaches (0ms)
		RebuildScriptCaches (0ms)
		SetupLoadedEditorAssemblies (721ms)
			LogAssemblyErrors (0ms)
			InitializePlatformSupportModulesInManaged (6ms)
			SetLoadedEditorAssemblies (5ms)
			RefreshPlugins (0ms)
			BeforeProcessingInitializeOnLoad (84ms)
			ProcessInitializeOnLoadAttributes (554ms)
			ProcessInitializeOnLoadMethodAttributes (67ms)
			AfterProcessingInitializeOnLoad (6ms)
			EditorAssembliesLoaded (0ms)
		ExecutionOrderSort2 (0ms)
		AwakeInstancesAfterBackupRestoration (7ms)
Launched and connected shader compiler UnityShaderCompiler.exe after 0.04 seconds
Refreshing native plugins compatible for Editor in 4.90 ms, found 4 plugins.
Preloading 0 native plugins for Editor in 0.00 ms.
Unloading 6049 Unused Serialized files (Serialized files now loaded: 0)
Unloading 35 unused Assets / (346.6 KB). Loaded Objects now: 6519.
Memory consumption went from 223.0 MB to 222.7 MB.
Total: 4.663500 ms (FindLiveObjects: 0.612000 ms CreateObjectMapping: 0.207200 ms MarkObjects: 3.632300 ms  DeleteObjects: 0.211000 ms)

AssetImportParameters requested are different than current active one (requested -> active):
  custom:scripting/monoscript/fileName/EnemyAI.cs: ac5d928c2e7f4dc32564e545998185f9 -> b23c04a72171da1bfba3c740e359e309
  custom:container-demuxer-ogg: 62fdf1f143b41e24485cea50d1cbac27 -> 
  custom:video-decoder-ogg-theora: a1e56fd34408186e4bbccfd4996cb3dc -> 
  custom:framework-win-MediaFoundation: 216162199b28c13a410421893ffa2e32 -> 
  custom:scripting/monoscript/fileName/PlayerController.cs: 5b090d859ab09be631dc3b0f203f9571 -> d93a52a180fbbe603a59e9aa6da73c83
  custom:CustomObjectIndexerAttribute: 72b91833f83ae208fae7752999fa3104 -> 
  custom:scripting/monoscript/fileName/Player Controls.cs: 34c6ff9cf0aa0d720e612550af5c5d26 -> 849ed7f5b11c9db237ef61b01c5a5104
  custom:container-demuxer-webm: 4f35f7cbe854078d1ac9338744f61a02 -> 
  custom:container-muxer-webm: aa71ff27fc2769a1b78a27578f13a17b -> 
  custom:video-decoder-webm-vp8: 9c59270c3fd7afecdb556c50c9e8de78 -> 
  custom:SearchIndexIgnoredProperties: e643bd26f0fe6173181afceb89e7c659 -> 
  custom:AudioImporter_EditorPlatform: d09bf68614088b80899f8185d706f6e7 -> 
  custom:scripting/monoscript/fileName/EnemyPathfinding.cs: 12babaef6e87e55c401478cd4221230b -> a9bce29876a0a11d972ceeffd6469af8
  custom:video-encoder-webm-vp8: eb34c28f22e8b96e1ab97ce403110664 -> 
  custom:audio-decoder-ogg-vorbis: bf7c407c2cedff20999df2af8eb42d56 -> 
  custom:audio-encoder-webm-vorbis: bf7c407c2cedff20999df2af8eb42d56 -> 
========================================================================
Received Import Request.
  Time since last request: 15786.641118 seconds.
  path: Assets/TileMap/MasterSimple_0.asset
  artifactKey: Guid(94ca8802bc891f2459217698d9e0e768) Importer(815301076,1909f56bfc062723c751e8b465ee728b)
Start importing Assets/TileMap/MasterSimple_0.asset using Guid(94ca8802bc891f2459217698d9e0e768) Importer(815301076,1909f56bfc062723c751e8b465ee728b) [PhysX] Initialized MultithreadedTaskDispatcher with 12 workers.
 -> (artifact id: 'ab90995104bfeff78adc4e44ec1a9458') in 0.099960 seconds
Number of updated asset objects reloaded before import = 0
Number of asset objects unloaded after import = 134
========================================================================
Received Import Request.
  Time since last request: 0.000028 seconds.
  path: Assets/TileMap/MasterSimple_4.asset
  artifactKey: Guid(e3e365a6b0829594f9817d50ce3ed199) Importer(815301076,1909f56bfc062723c751e8b465ee728b)
Start importing Assets/TileMap/MasterSimple_4.asset using Guid(e3e365a6b0829594f9817d50ce3ed199) Importer(815301076,1909f56bfc062723c751e8b465ee728b) [PhysX] Initialized MultithreadedTaskDispatcher with 12 workers.
 -> (artifact id: '145a6c6202bf052749a08592a02025bb') in 0.013277 seconds
Number of updated asset objects reloaded before import = 0
Number of asset objects unloaded after import = 134
========================================================================
Received Import Request.
  Time since last request: 0.000024 seconds.
  path: Assets/TileMap/MasterSimple_5.asset
  artifactKey: Guid(8f392fb5426321346a08fe2243c569d5) Importer(815301076,1909f56bfc062723c751e8b465ee728b)
Start importing Assets/TileMap/MasterSimple_5.asset using Guid(8f392fb5426321346a08fe2243c569d5) Importer(815301076,1909f56bfc062723c751e8b465ee728b) [PhysX] Initialized MultithreadedTaskDispatcher with 12 workers.
 -> (artifact id: 'ddc3ac2412feb71e74d957f034a48720') in 0.015111 seconds
Number of updated asset objects reloaded before import = 0
Number of asset objects unloaded after import = 134
========================================================================
Received Import Request.
  Time since last request: 0.000031 seconds.
  path: Assets/TileMap/MasterSimple_49.asset
  artifactKey: Guid(3b466877f6ce53c4ebe3a1c9a8acba32) Importer(815301076,1909f56bfc062723c751e8b465ee728b)
Start importing Assets/TileMap/MasterSimple_49.asset using Guid(3b466877f6ce53c4ebe3a1c9a8acba32) Importer(815301076,1909f56bfc062723c751e8b465ee728b) [PhysX] Initialized MultithreadedTaskDispatcher with 12 workers.
 -> (artifact id: 'a6b252ca22383f9af032c7da470021d2') in 0.013508 seconds
Number of updated asset objects reloaded before import = 0
Number of asset objects unloaded after import = 134
========================================================================
Received Import Request.
  Time since last request: 0.000032 seconds.
  path: Assets/TileMap/MasterSimple_22.asset
  artifactKey: Guid(e384f8a50c85f4b4ba3ad8cc8977a12f) Importer(815301076,1909f56bfc062723c751e8b465ee728b)
Start importing Assets/TileMap/MasterSimple_22.asset using Guid(e384f8a50c85f4b4ba3ad8cc8977a12f) Importer(815301076,1909f56bfc062723c751e8b465ee728b) [PhysX] Initialized MultithreadedTaskDispatcher with 12 workers.
 -> (artifact id: 'baf41f88a3a1a776ca437048c5de6e36') in 0.014655 seconds
Number of updated asset objects reloaded before import = 0
Number of asset objects unloaded after import = 134
========================================================================
Received Import Request.
  Time since last request: 0.000020 seconds.
  path: Assets/TileMap/MasterSimple_61.asset
  artifactKey: Guid(a4e9fce816d98c34b9878adcd7b64a59) Importer(815301076,1909f56bfc062723c751e8b465ee728b)
Start importing Assets/TileMap/MasterSimple_61.asset using Guid(a4e9fce816d98c34b9878adcd7b64a59) Importer(815301076,1909f56bfc062723c751e8b465ee728b) [PhysX] Initialized MultithreadedTaskDispatcher with 12 workers.
 -> (artifact id: '8cb61a6caf51c8e268946e58595553dd') in 0.015614 seconds
Number of updated asset objects reloaded before import = 0
Number of asset objects unloaded after import = 134
========================================================================
Received Import Request.
  Time since last request: 0.000020 seconds.
  path: Assets/TileMap/MasterSimple_8.asset
  artifactKey: Guid(87689c9a17e53f04eb84d5117e4c7c47) Importer(815301076,1909f56bfc062723c751e8b465ee728b)
Start importing Assets/TileMap/MasterSimple_8.asset using Guid(87689c9a17e53f04eb84d5117e4c7c47) Importer(815301076,1909f56bfc062723c751e8b465ee728b) [PhysX] Initialized MultithreadedTaskDispatcher with 12 workers.
 -> (artifact id: '17abd8565232f47ea6cef23dc3541c58') in 0.014455 seconds
Number of updated asset objects reloaded before import = 0
Number of asset objects unloaded after import = 134
========================================================================
Received Import Request.
  Time since last request: 0.000022 seconds.
  path: Assets/TileMap/MasterSimple_27.asset
  artifactKey: Guid(bf19d743f1f52404b862343d7bd9730e) Importer(815301076,1909f56bfc062723c751e8b465ee728b)
Start importing Assets/TileMap/MasterSimple_27.asset using Guid(bf19d743f1f52404b862343d7bd9730e) Importer(815301076,1909f56bfc062723c751e8b465ee728b) [PhysX] Initialized MultithreadedTaskDispatcher with 12 workers.
 -> (artifact id: 'ffdf0db898afc7e236c7f25cad6263b2') in 0.014735 seconds
Number of updated asset objects reloaded before import = 0
Number of asset objects unloaded after import = 134
========================================================================
Received Import Request.
  Time since last request: 0.000026 seconds.
  path: Assets/TileMap/MasterSimple_76.asset
  artifactKey: Guid(d3aa81a9af4564643aa94c45408a6124) Importer(815301076,1909f56bfc062723c751e8b465ee728b)
Start importing Assets/TileMap/MasterSimple_76.asset using Guid(d3aa81a9af4564643aa94c45408a6124) Importer(815301076,1909f56bfc062723c751e8b465ee728b) [PhysX] Initialized MultithreadedTaskDispatcher with 12 workers.
 -> (artifact id: '715233af9ae486d2085f5961188ef09d') in 0.012063 seconds
Number of updated asset objects reloaded before import = 0
Number of asset objects unloaded after import = 134
========================================================================
Received Import Request.
  Time since last request: 0.000018 seconds.
  path: Assets/TileMap/MasterSimple_82.asset
  artifactKey: Guid(14aa55dc329ba624ea793afbf8b609c0) Importer(815301076,1909f56bfc062723c751e8b465ee728b)
Start importing Assets/TileMap/MasterSimple_82.asset using Guid(14aa55dc329ba624ea793afbf8b609c0) Importer(815301076,1909f56bfc062723c751e8b465ee728b) [PhysX] Initialized MultithreadedTaskDispatcher with 12 workers.
 -> (artifact id: '693f3a1ce7e4b1516e01001d625aaca0') in 0.014644 seconds
Number of updated asset objects reloaded before import = 0
Number of asset objects unloaded after import = 134
========================================================================
Received Import Request.
  Time since last request: 0.000026 seconds.
  path: Assets/TileMap/MasterSimple_65.asset
  artifactKey: Guid(56787e54ee8cb9b43bb61eede0f847e7) Importer(815301076,1909f56bfc062723c751e8b465ee728b)
Start importing Assets/TileMap/MasterSimple_65.asset using Guid(56787e54ee8cb9b43bb61eede0f847e7) Importer(815301076,1909f56bfc062723c751e8b465ee728b) [PhysX] Initialized MultithreadedTaskDispatcher with 12 workers.
 -> (artifact id: '8be44813d9e5da4ad118865a3906051c') in 0.014240 seconds
Number of updated asset objects reloaded before import = 0
Number of asset objects unloaded after import = 134
========================================================================
Received Import Request.
  Time since last request: 0.000025 seconds.
  path: Assets/TileMap/MasterSimple_72.asset
  artifactKey: Guid(350d9917d9a24704985ef094f02c93e2) Importer(815301076,1909f56bfc062723c751e8b465ee728b)
Start importing Assets/TileMap/MasterSimple_72.asset using Guid(350d9917d9a24704985ef094f02c93e2) Importer(815301076,1909f56bfc062723c751e8b465ee728b) [PhysX] Initialized MultithreadedTaskDispatcher with 12 workers.
 -> (artifact id: 'cfe024c4386dc8e8a68f192eb162a2de') in 0.016163 seconds
Number of updated asset objects reloaded before import = 0
Number of asset objects unloaded after import = 134
========================================================================
Received Import Request.
  Time since last request: 0.000022 seconds.
  path: Assets/TileMap/MasterSimple_38.asset
  artifactKey: Guid(7302ae65468a378419fce56668b99403) Importer(815301076,1909f56bfc062723c751e8b465ee728b)
Start importing Assets/TileMap/MasterSimple_38.asset using Guid(7302ae65468a378419fce56668b99403) Importer(815301076,1909f56bfc062723c751e8b465ee728b) [PhysX] Initialized MultithreadedTaskDispatcher with 12 workers.
 -> (artifact id: '17c5fd712630627148461c19994c70f5') in 0.017121 seconds
Number of updated asset objects reloaded before import = 0
Number of asset objects unloaded after import = 134
========================================================================
Received Import Request.
  Time since last request: 0.000026 seconds.
  path: Assets/TileMap/MasterSimple_69.asset
  artifactKey: Guid(477bb6887bfdf154ea9ee4c3c4a76d63) Importer(815301076,1909f56bfc062723c751e8b465ee728b)
Start importing Assets/TileMap/MasterSimple_69.asset using Guid(477bb6887bfdf154ea9ee4c3c4a76d63) Importer(815301076,1909f56bfc062723c751e8b465ee728b) [PhysX] Initialized MultithreadedTaskDispatcher with 12 workers.
 -> (artifact id: '10a84c61f979a439175393e61062319b') in 0.017345 seconds
Number of updated asset objects reloaded before import = 0
Number of asset objects unloaded after import = 134
========================================================================
Received Import Request.
  Time since last request: 0.000036 seconds.
  path: Assets/TileMap/MasterSimple_83.asset
  artifactKey: Guid(666ba3f91f4ba0a4cad3d32535fe8af7) Importer(815301076,1909f56bfc062723c751e8b465ee728b)
Start importing Assets/TileMap/MasterSimple_83.asset using Guid(666ba3f91f4ba0a4cad3d32535fe8af7) Importer(815301076,1909f56bfc062723c751e8b465ee728b) [PhysX] Initialized MultithreadedTaskDispatcher with 12 workers.
 -> (artifact id: '57abd3a1c8bcc51891f8c1210f6e3fd8') in 0.013644 seconds
Number of updated asset objects reloaded before import = 0
Number of asset objects unloaded after import = 134
========================================================================
Received Import Request.
  Time since last request: 0.000018 seconds.
  path: Assets/TileMap/MasterSimple_32.asset
  artifactKey: Guid(181171188d1098c4e91ffe9c701f30c4) Importer(815301076,1909f56bfc062723c751e8b465ee728b)
Start importing Assets/TileMap/MasterSimple_32.asset using Guid(181171188d1098c4e91ffe9c701f30c4) Importer(815301076,1909f56bfc062723c751e8b465ee728b) [PhysX] Initialized MultithreadedTaskDispatcher with 12 workers.
 -> (artifact id: 'c0852626c800155566ce515c90a11235') in 0.011458 seconds
Number of updated asset objects reloaded before import = 0
Number of asset objects unloaded after import = 134
========================================================================
Received Import Request.
  Time since last request: 0.000022 seconds.
  path: Assets/TileMap/MasterSimple_77.asset
  artifactKey: Guid(055c33d7a1bfe35488ab9f0132038570) Importer(815301076,1909f56bfc062723c751e8b465ee728b)
Start importing Assets/TileMap/MasterSimple_77.asset using Guid(055c33d7a1bfe35488ab9f0132038570) Importer(815301076,1909f56bfc062723c751e8b465ee728b) [PhysX] Initialized MultithreadedTaskDispatcher with 12 workers.
 -> (artifact id: 'bc6e855b8320ddf222f6ed8e3667e0cb') in 0.015542 seconds
Number of updated asset objects reloaded before import = 0
Number of asset objects unloaded after import = 134
========================================================================
Received Import Request.
  Time since last request: 0.000026 seconds.
  path: Assets/TileMap/MasterSimple_66.asset
  artifactKey: Guid(94529d416adf8f0419595a4b79cb0e99) Importer(815301076,1909f56bfc062723c751e8b465ee728b)
Start importing Assets/TileMap/MasterSimple_66.asset using Guid(94529d416adf8f0419595a4b79cb0e99) Importer(815301076,1909f56bfc062723c751e8b465ee728b) [PhysX] Initialized MultithreadedTaskDispatcher with 12 workers.
 -> (artifact id: '2948769ddb87b48f8fa64d7e27550a62') in 0.016853 seconds
Number of updated asset objects reloaded before import = 0
Number of asset objects unloaded after import = 134
========================================================================
Received Import Request.
  Time since last request: 0.000023 seconds.
  path: Assets/TileMap/MasterSimple_17.asset
  artifactKey: Guid(b5d24a65bc19c714e9e7421bc25a4954) Importer(815301076,1909f56bfc062723c751e8b465ee728b)
Start importing Assets/TileMap/MasterSimple_17.asset using Guid(b5d24a65bc19c714e9e7421bc25a4954) Importer(815301076,1909f56bfc062723c751e8b465ee728b) [PhysX] Initialized MultithreadedTaskDispatcher with 12 workers.
 -> (artifact id: '1fff4651b50f8084404b1d06b25e4f8a') in 0.012814 seconds
Number of updated asset objects reloaded before import = 0
Number of asset objects unloaded after import = 134
========================================================================
Received Import Request.
  Time since last request: 0.000024 seconds.
  path: Assets/TileMap/MasterSimple_24.asset
  artifactKey: Guid(c6153d64bd13336418c88f72f00524d8) Importer(815301076,1909f56bfc062723c751e8b465ee728b)
Start importing Assets/TileMap/MasterSimple_24.asset using Guid(c6153d64bd13336418c88f72f00524d8) Importer(815301076,1909f56bfc062723c751e8b465ee728b) [PhysX] Initialized MultithreadedTaskDispatcher with 12 workers.
 -> (artifact id: '7b7d9abb1793ed3d935a3f6153df5ad9') in 0.014151 seconds
Number of updated asset objects reloaded before import = 0
Number of asset objects unloaded after import = 134
========================================================================
Received Import Request.
  Time since last request: 0.000023 seconds.
  path: Assets/TileMap/MasterSimple_55.asset
  artifactKey: Guid(629f10f7a0447154a8651b1248384334) Importer(815301076,1909f56bfc062723c751e8b465ee728b)
Start importing Assets/TileMap/MasterSimple_55.asset using Guid(629f10f7a0447154a8651b1248384334) Importer(815301076,1909f56bfc062723c751e8b465ee728b) [PhysX] Initialized MultithreadedTaskDispatcher with 12 workers.
 -> (artifact id: '684ae7985f5aff2963fd93d898876b59') in 0.014252 seconds
Number of updated asset objects reloaded before import = 0
Number of asset objects unloaded after import = 134
========================================================================
Received Import Request.
  Time since last request: 0.000022 seconds.
  path: Assets/TileMap/MasterSimple_7.asset
  artifactKey: Guid(b58965d0929599e488769d3fac62306f) Importer(815301076,1909f56bfc062723c751e8b465ee728b)
Start importing Assets/TileMap/MasterSimple_7.asset using Guid(b58965d0929599e488769d3fac62306f) Importer(815301076,1909f56bfc062723c751e8b465ee728b) [PhysX] Initialized MultithreadedTaskDispatcher with 12 workers.
 -> (artifact id: '060bc168438ae810090933fee8bf157c') in 0.014218 seconds
Number of updated asset objects reloaded before import = 0
Number of asset objects unloaded after import = 134
========================================================================
Received Import Request.
  Time since last request: 0.000024 seconds.
  path: Assets/TileMap/MasterSimple_29.asset
  artifactKey: Guid(2db5fd9ff861a484ab1b842a97a63761) Importer(815301076,1909f56bfc062723c751e8b465ee728b)
Start importing Assets/TileMap/MasterSimple_29.asset using Guid(2db5fd9ff861a484ab1b842a97a63761) Importer(815301076,1909f56bfc062723c751e8b465ee728b) [PhysX] Initialized MultithreadedTaskDispatcher with 12 workers.
 -> (artifact id: '939b47ce55611b8ee9d11081b83a4fd2') in 0.016897 seconds
Number of updated asset objects reloaded before import = 0
Number of asset objects unloaded after import = 134
========================================================================
Received Import Request.
  Time since last request: 0.000024 seconds.
  path: Assets/TileMap/MasterSimple_85.asset
  artifactKey: Guid(029840118acb99c4485ce21e626e018d) Importer(815301076,1909f56bfc062723c751e8b465ee728b)
Start importing Assets/TileMap/MasterSimple_85.asset using Guid(029840118acb99c4485ce21e626e018d) Importer(815301076,1909f56bfc062723c751e8b465ee728b) [PhysX] Initialized MultithreadedTaskDispatcher with 12 workers.
 -> (artifact id: 'c18694a4c7897bde60c9c062e19effc6') in 0.014719 seconds
Number of updated asset objects reloaded before import = 0
Number of asset objects unloaded after import = 134
========================================================================
Received Import Request.
  Time since last request: 0.000028 seconds.
  path: Assets/TileMap/MasterSimple_15.asset
  artifactKey: Guid(bd199dbc5b5d01e46b32a83ac7a8c184) Importer(815301076,1909f56bfc062723c751e8b465ee728b)
Start importing Assets/TileMap/MasterSimple_15.asset using Guid(bd199dbc5b5d01e46b32a83ac7a8c184) Importer(815301076,1909f56bfc062723c751e8b465ee728b) [PhysX] Initialized MultithreadedTaskDispatcher with 12 workers.
 -> (artifact id: 'a16104ed8d0040f635a1e00911cf35d5') in 0.017354 seconds
Number of updated asset objects reloaded before import = 0
Number of asset objects unloaded after import = 134
========================================================================
Received Import Request.
  Time since last request: 0.000026 seconds.
  path: Assets/TileMap/MasterSimple_25.asset
  artifactKey: Guid(777afc85574d2554a9877b7ab64e36bd) Importer(815301076,1909f56bfc062723c751e8b465ee728b)
Start importing Assets/TileMap/MasterSimple_25.asset using Guid(777afc85574d2554a9877b7ab64e36bd) Importer(815301076,1909f56bfc062723c751e8b465ee728b) [PhysX] Initialized MultithreadedTaskDispatcher with 12 workers.
 -> (artifact id: 'c4d0e50ce3686dfad8df0e64104ddd5c') in 0.014321 seconds
Number of updated asset objects reloaded before import = 0
Number of asset objects unloaded after import = 134
========================================================================
Received Import Request.
  Time since last request: 0.000022 seconds.
  path: Assets/TileMap/MasterSimple_40.asset
  artifactKey: Guid(ee2c3166290f2ae4dbc41fd816769cbb) Importer(815301076,1909f56bfc062723c751e8b465ee728b)
Start importing Assets/TileMap/MasterSimple_40.asset using Guid(ee2c3166290f2ae4dbc41fd816769cbb) Importer(815301076,1909f56bfc062723c751e8b465ee728b) [PhysX] Initialized MultithreadedTaskDispatcher with 12 workers.
 -> (artifact id: '8cf90a5c7c004ac1cbda3a8581a6f502') in 0.017909 seconds
Number of updated asset objects reloaded before import = 0
Number of asset objects unloaded after import = 134
========================================================================
Received Import Request.
  Time since last request: 0.000023 seconds.
  path: Assets/TileMap/MasterSimple_56.asset
  artifactKey: Guid(a9ecb76601861754abd3c2ba2e04279d) Importer(815301076,1909f56bfc062723c751e8b465ee728b)
Start importing Assets/TileMap/MasterSimple_56.asset using Guid(a9ecb76601861754abd3c2ba2e04279d) Importer(815301076,1909f56bfc062723c751e8b465ee728b) [PhysX] Initialized MultithreadedTaskDispatcher with 12 workers.
 -> (artifact id: 'b667739033e0d6c8155de020fad4982c') in 0.013460 seconds
Number of updated asset objects reloaded before import = 0
Number of asset objects unloaded after import = 134
========================================================================
Received Import Request.
  Time since last request: 0.000019 seconds.
  path: Assets/TileMap/MasterSimple_21.asset
  artifactKey: Guid(fce954e0a96bd6a4b8f552fc8e7054b3) Importer(815301076,1909f56bfc062723c751e8b465ee728b)
Start importing Assets/TileMap/MasterSimple_21.asset using Guid(fce954e0a96bd6a4b8f552fc8e7054b3) Importer(815301076,1909f56bfc062723c751e8b465ee728b) [PhysX] Initialized MultithreadedTaskDispatcher with 12 workers.
 -> (artifact id: 'bb7d047b5b201616c5f26c0ad7457763') in 0.017485 seconds
Number of updated asset objects reloaded before import = 0
Number of asset objects unloaded after import = 134
========================================================================
Received Import Request.
  Time since last request: 0.000022 seconds.
  path: Assets/TileMap/MasterSimple_2.asset
  artifactKey: Guid(ebf0d32e9df09e440a0b03c12e9ff21c) Importer(815301076,1909f56bfc062723c751e8b465ee728b)
Start importing Assets/TileMap/MasterSimple_2.asset using Guid(ebf0d32e9df09e440a0b03c12e9ff21c) Importer(815301076,1909f56bfc062723c751e8b465ee728b) [PhysX] Initialized MultithreadedTaskDispatcher with 12 workers.
 -> (artifact id: 'cb03fd4f2ff6dff85f5c308637a78b2e') in 0.017191 seconds
Number of updated asset objects reloaded before import = 0
Number of asset objects unloaded after import = 134
========================================================================
Received Import Request.
  Time since last request: 0.000021 seconds.
  path: Assets/TileMap/MasterSimple_14.asset
  artifactKey: Guid(e6e03953d8b610c49aefd541dc10c719) Importer(815301076,1909f56bfc062723c751e8b465ee728b)
Start importing Assets/TileMap/MasterSimple_14.asset using Guid(e6e03953d8b610c49aefd541dc10c719) Importer(815301076,1909f56bfc062723c751e8b465ee728b) [PhysX] Initialized MultithreadedTaskDispatcher with 12 workers.
 -> (artifact id: '905c9c419db7ee1bb342d0f8c2f56530') in 0.014167 seconds
Number of updated asset objects reloaded before import = 0
Number of asset objects unloaded after import = 134
========================================================================
Received Import Request.
  Time since last request: 0.000021 seconds.
  path: Assets/TileMap/MasterSimple_47.asset
  artifactKey: Guid(c5b09f01de8db1e4aa45500a8e35489f) Importer(815301076,1909f56bfc062723c751e8b465ee728b)
Start importing Assets/TileMap/MasterSimple_47.asset using Guid(c5b09f01de8db1e4aa45500a8e35489f) Importer(815301076,1909f56bfc062723c751e8b465ee728b) [PhysX] Initialized MultithreadedTaskDispatcher with 12 workers.
 -> (artifact id: 'f304b74f51dd1fd935aedb38e348c630') in 0.016181 seconds
Number of updated asset objects reloaded before import = 0
Number of asset objects unloaded after import = 134
========================================================================
Received Import Request.
  Time since last request: 0.000027 seconds.
  path: Assets/TileMap/MasterSimple_81.asset
  artifactKey: Guid(142059b06d3f2a348b68483c563b62c1) Importer(815301076,1909f56bfc062723c751e8b465ee728b)
Start importing Assets/TileMap/MasterSimple_81.asset using Guid(142059b06d3f2a348b68483c563b62c1) Importer(815301076,1909f56bfc062723c751e8b465ee728b) [PhysX] Initialized MultithreadedTaskDispatcher with 12 workers.
 -> (artifact id: '46ee9c1e458966b0101411d019fe30db') in 0.019516 seconds
Number of updated asset objects reloaded before import = 0
Number of asset objects unloaded after import = 134
========================================================================
Received Import Request.
  Time since last request: 37.684141 seconds.
  path: Assets/TileMap/MasterSimple_0.asset
  artifactKey: Guid(94ca8802bc891f2459217698d9e0e768) Importer(815301076,1909f56bfc062723c751e8b465ee728b)
Start importing Assets/TileMap/MasterSimple_0.asset using Guid(94ca8802bc891f2459217698d9e0e768) Importer(815301076,1909f56bfc062723c751e8b465ee728b) [PhysX] Initialized MultithreadedTaskDispatcher with 12 workers.
 -> (artifact id: '3aeabceae89430cd48d5015629ba6a7d') in 0.015189 seconds
Number of updated asset objects reloaded before import = 0
Number of asset objects unloaded after import = 134
========================================================================
Received Import Request.
  Time since last request: 0.000018 seconds.
  path: Assets/TileMap/MasterSimple_35.asset
  artifactKey: Guid(6116f9549e2d9194ea10d36ded8b9ee7) Importer(815301076,1909f56bfc062723c751e8b465ee728b)
Start importing Assets/TileMap/MasterSimple_35.asset using Guid(6116f9549e2d9194ea10d36ded8b9ee7) Importer(815301076,1909f56bfc062723c751e8b465ee728b) [PhysX] Initialized MultithreadedTaskDispatcher with 12 workers.
 -> (artifact id: '55410c8c9baf0430661ea182741b3998') in 0.013466 seconds
Number of updated asset objects reloaded before import = 0
Number of asset objects unloaded after import = 134
========================================================================
Received Import Request.
  Time since last request: 0.000019 seconds.
  path: Assets/TileMap/MasterSimple_4.asset
  artifactKey: Guid(e3e365a6b0829594f9817d50ce3ed199) Importer(815301076,1909f56bfc062723c751e8b465ee728b)
Start importing Assets/TileMap/MasterSimple_4.asset using Guid(e3e365a6b0829594f9817d50ce3ed199) Importer(815301076,1909f56bfc062723c751e8b465ee728b) [PhysX] Initialized MultithreadedTaskDispatcher with 12 workers.
 -> (artifact id: 'af5e133ad4e70094c58bba2ee78ca8ab') in 0.015896 seconds
Number of updated asset objects reloaded before import = 0
Number of asset objects unloaded after import = 134
========================================================================
Received Import Request.
  Time since last request: 0.000022 seconds.
  path: Assets/TileMap/MasterSimple_84.asset
  artifactKey: Guid(8705a21bbe7980d4fa206cacdbc45c43) Importer(815301076,1909f56bfc062723c751e8b465ee728b)
Start importing Assets/TileMap/MasterSimple_84.asset using Guid(8705a21bbe7980d4fa206cacdbc45c43) Importer(815301076,1909f56bfc062723c751e8b465ee728b) [PhysX] Initialized MultithreadedTaskDispatcher with 12 workers.
 -> (artifact id: 'ab2a5e3a6339ba301bf2c541bf28ecfd') in 0.016161 seconds
Number of updated asset objects reloaded before import = 0
Number of asset objects unloaded after import = 134
========================================================================
Received Import Request.
  Time since last request: 0.000026 seconds.
  path: Assets/TileMap/MasterSimple_5.asset
  artifactKey: Guid(8f392fb5426321346a08fe2243c569d5) Importer(815301076,1909f56bfc062723c751e8b465ee728b)
Start importing Assets/TileMap/MasterSimple_5.asset using Guid(8f392fb5426321346a08fe2243c569d5) Importer(815301076,1909f56bfc062723c751e8b465ee728b) [PhysX] Initialized MultithreadedTaskDispatcher with 12 workers.
 -> (artifact id: 'dd17c5069e7323aeba636bd548faa841') in 0.015124 seconds
Number of updated asset objects reloaded before import = 0
Number of asset objects unloaded after import = 134
========================================================================
Received Import Request.
  Time since last request: 0.000031 seconds.
  path: Assets/TileMap/MasterSimple_49.asset
  artifactKey: Guid(3b466877f6ce53c4ebe3a1c9a8acba32) Importer(815301076,1909f56bfc062723c751e8b465ee728b)
Start importing Assets/TileMap/MasterSimple_49.asset using Guid(3b466877f6ce53c4ebe3a1c9a8acba32) Importer(815301076,1909f56bfc062723c751e8b465ee728b) [PhysX] Initialized MultithreadedTaskDispatcher with 12 workers.
 -> (artifact id: '82b4382ee8c7e3bada31127e4b9c5e66') in 0.014323 seconds
Number of updated asset objects reloaded before import = 0
Number of asset objects unloaded after import = 134
========================================================================
Received Import Request.
  Time since last request: 0.000025 seconds.
  path: Assets/TileMap/MasterSimple_22.asset
  artifactKey: Guid(e384f8a50c85f4b4ba3ad8cc8977a12f) Importer(815301076,1909f56bfc062723c751e8b465ee728b)
Start importing Assets/TileMap/MasterSimple_22.asset using Guid(e384f8a50c85f4b4ba3ad8cc8977a12f) Importer(815301076,1909f56bfc062723c751e8b465ee728b) [PhysX] Initialized MultithreadedTaskDispatcher with 12 workers.
 -> (artifact id: '4c3653757db61a794fe7b5beec9b18ab') in 0.014107 seconds
Number of updated asset objects reloaded before import = 0
Number of asset objects unloaded after import = 134
========================================================================
Received Import Request.
  Time since last request: 0.000024 seconds.
  path: Assets/TileMap/MasterSimple_20.asset
  artifactKey: Guid(1ec04b1ee22ef0c4091afaa0aa3a196b) Importer(815301076,1909f56bfc062723c751e8b465ee728b)
Start importing Assets/TileMap/MasterSimple_20.asset using Guid(1ec04b1ee22ef0c4091afaa0aa3a196b) Importer(815301076,1909f56bfc062723c751e8b465ee728b) [PhysX] Initialized MultithreadedTaskDispatcher with 12 workers.
 -> (artifact id: '8fd2ee9f84d3be9dd2109595b1e94ea9') in 0.014697 seconds
Number of updated asset objects reloaded before import = 0
Number of asset objects unloaded after import = 134
========================================================================
Received Import Request.
  Time since last request: 0.000023 seconds.
  path: Assets/TileMap/MasterSimple_28.asset
  artifactKey: Guid(b531c5a35fb86414cb8b4e0703300ae9) Importer(815301076,1909f56bfc062723c751e8b465ee728b)
Start importing Assets/TileMap/MasterSimple_28.asset using Guid(b531c5a35fb86414cb8b4e0703300ae9) Importer(815301076,1909f56bfc062723c751e8b465ee728b) [PhysX] Initialized MultithreadedTaskDispatcher with 12 workers.
 -> (artifact id: '1611c4d9805b4bc6b8a30e07ea5628ef') in 0.015442 seconds
Number of updated asset objects reloaded before import = 0
Number of asset objects unloaded after import = 134
========================================================================
Received Import Request.
  Time since last request: 0.000024 seconds.
  path: Assets/TileMap/MasterSimple_27.asset
  artifactKey: Guid(bf19d743f1f52404b862343d7bd9730e) Importer(815301076,1909f56bfc062723c751e8b465ee728b)
Start importing Assets/TileMap/MasterSimple_27.asset using Guid(bf19d743f1f52404b862343d7bd9730e) Importer(815301076,1909f56bfc062723c751e8b465ee728b) [PhysX] Initialized MultithreadedTaskDispatcher with 12 workers.
 -> (artifact id: '75629684ee4d623cd55cd8b43279160b') in 0.015885 seconds
Number of updated asset objects reloaded before import = 0
Number of asset objects unloaded after import = 134
========================================================================
Received Import Request.
  Time since last request: 0.000020 seconds.
  path: Assets/TileMap/MasterSimple_33.asset
  artifactKey: Guid(267fe18f3a2035c489b51c931e39e4d9) Importer(815301076,1909f56bfc062723c751e8b465ee728b)
Start importing Assets/TileMap/MasterSimple_33.asset using Guid(267fe18f3a2035c489b51c931e39e4d9) Importer(815301076,1909f56bfc062723c751e8b465ee728b) [PhysX] Initialized MultithreadedTaskDispatcher with 12 workers.
 -> (artifact id: '9b90f9e914e5306db2b30c613fad6a1e') in 0.014337 seconds
Number of updated asset objects reloaded before import = 0
Number of asset objects unloaded after import = 134
========================================================================
Received Import Request.
  Time since last request: 0.000023 seconds.
  path: Assets/TileMap/MasterSimple_82.asset
  artifactKey: Guid(14aa55dc329ba624ea793afbf8b609c0) Importer(815301076,1909f56bfc062723c751e8b465ee728b)
Start importing Assets/TileMap/MasterSimple_82.asset using Guid(14aa55dc329ba624ea793afbf8b609c0) Importer(815301076,1909f56bfc062723c751e8b465ee728b) [PhysX] Initialized MultithreadedTaskDispatcher with 12 workers.
 -> (artifact id: '6136b5f7ba033d00bcbc67a88330269a') in 0.015072 seconds
Number of updated asset objects reloaded before import = 0
Number of asset objects unloaded after import = 134
========================================================================
Received Import Request.
  Time since last request: 0.000029 seconds.
  path: Assets/TileMap/MasterSimple_65.asset
  artifactKey: Guid(56787e54ee8cb9b43bb61eede0f847e7) Importer(815301076,1909f56bfc062723c751e8b465ee728b)
Start importing Assets/TileMap/MasterSimple_65.asset using Guid(56787e54ee8cb9b43bb61eede0f847e7) Importer(815301076,1909f56bfc062723c751e8b465ee728b) [PhysX] Initialized MultithreadedTaskDispatcher with 12 workers.
 -> (artifact id: 'daded1c19f85fc201de7b6e85f2e0e85') in 0.014226 seconds
Number of updated asset objects reloaded before import = 0
Number of asset objects unloaded after import = 134
========================================================================
Received Import Request.
  Time since last request: 0.000021 seconds.
  path: Assets/TileMap/MasterSimple_72.asset
  artifactKey: Guid(350d9917d9a24704985ef094f02c93e2) Importer(815301076,1909f56bfc062723c751e8b465ee728b)
Start importing Assets/TileMap/MasterSimple_72.asset using Guid(350d9917d9a24704985ef094f02c93e2) Importer(815301076,1909f56bfc062723c751e8b465ee728b) [PhysX] Initialized MultithreadedTaskDispatcher with 12 workers.
 -> (artifact id: '21f23d659e82ae6cfcc1cedad89c1c2f') in 0.014303 seconds
Number of updated asset objects reloaded before import = 0
Number of asset objects unloaded after import = 134
========================================================================
Received Import Request.
  Time since last request: 0.000033 seconds.
  path: Assets/TileMap/MasterSimple_38.asset
  artifactKey: Guid(7302ae65468a378419fce56668b99403) Importer(815301076,1909f56bfc062723c751e8b465ee728b)
Start importing Assets/TileMap/MasterSimple_38.asset using Guid(7302ae65468a378419fce56668b99403) Importer(815301076,1909f56bfc062723c751e8b465ee728b) [PhysX] Initialized MultithreadedTaskDispatcher with 12 workers.
 -> (artifact id: '654539d03b57f2fe2b3bf1e0567c50ec') in 0.016193 seconds
Number of updated asset objects reloaded before import = 0
Number of asset objects unloaded after import = 134
========================================================================
Received Import Request.
  Time since last request: 0.000031 seconds.
  path: Assets/TileMap/MasterSimple_83.asset
  artifactKey: Guid(666ba3f91f4ba0a4cad3d32535fe8af7) Importer(815301076,1909f56bfc062723c751e8b465ee728b)
Start importing Assets/TileMap/MasterSimple_83.asset using Guid(666ba3f91f4ba0a4cad3d32535fe8af7) Importer(815301076,1909f56bfc062723c751e8b465ee728b) [PhysX] Initialized MultithreadedTaskDispatcher with 12 workers.
 -> (artifact id: '9c8e2b244eb76d58ec943d4be2d6f5fb') in 0.014353 seconds
Number of updated asset objects reloaded before import = 0
Number of asset objects unloaded after import = 134
========================================================================
Received Import Request.
  Time since last request: 0.000023 seconds.
  path: Assets/TileMap/MasterSimple_10.asset
  artifactKey: Guid(b6ff2cfe2da535443b033060c2665d98) Importer(815301076,1909f56bfc062723c751e8b465ee728b)
Start importing Assets/TileMap/MasterSimple_10.asset using Guid(b6ff2cfe2da535443b033060c2665d98) Importer(815301076,1909f56bfc062723c751e8b465ee728b) [PhysX] Initialized MultithreadedTaskDispatcher with 12 workers.
 -> (artifact id: 'b8b7db48a037f5eeb2b4bc827246222b') in 0.015539 seconds
Number of updated asset objects reloaded before import = 0
Number of asset objects unloaded after import = 134
========================================================================
Received Import Request.
  Time since last request: 0.000025 seconds.
  path: Assets/TileMap/MasterSimple_19.asset
  artifactKey: Guid(2ec255c64b6ebc0498e48a19a51d0951) Importer(815301076,1909f56bfc062723c751e8b465ee728b)
Start importing Assets/TileMap/MasterSimple_19.asset using Guid(2ec255c64b6ebc0498e48a19a51d0951) Importer(815301076,1909f56bfc062723c751e8b465ee728b) [PhysX] Initialized MultithreadedTaskDispatcher with 12 workers.
 -> (artifact id: '4a24b1fea2660e0155732b04dcd6d5fc') in 0.014263 seconds
Number of updated asset objects reloaded before import = 0
Number of asset objects unloaded after import = 134
========================================================================
Received Import Request.
  Time since last request: 0.000028 seconds.
  path: Assets/TileMap/MasterSimple_16.asset
  artifactKey: Guid(25b3e8e8bd8103b448949a47288d89ab) Importer(815301076,1909f56bfc062723c751e8b465ee728b)
Start importing Assets/TileMap/MasterSimple_16.asset using Guid(25b3e8e8bd8103b448949a47288d89ab) Importer(815301076,1909f56bfc062723c751e8b465ee728b) [PhysX] Initialized MultithreadedTaskDispatcher with 12 workers.
 -> (artifact id: 'dc30b4efe254ef08e0bc85dcfa0103f0') in 0.015033 seconds
Number of updated asset objects reloaded before import = 0
Number of asset objects unloaded after import = 134
========================================================================
Received Import Request.
  Time since last request: 0.000019 seconds.
  path: Assets/TileMap/MasterSimple_71.asset
  artifactKey: Guid(29083b25438849f4487160233753b55a) Importer(815301076,1909f56bfc062723c751e8b465ee728b)
Start importing Assets/TileMap/MasterSimple_71.asset using Guid(29083b25438849f4487160233753b55a) Importer(815301076,1909f56bfc062723c751e8b465ee728b) [PhysX] Initialized MultithreadedTaskDispatcher with 12 workers.
 -> (artifact id: 'd9b860cb98c06ba83403677583067cfb') in 0.018723 seconds
Number of updated asset objects reloaded before import = 0
Number of asset objects unloaded after import = 134
========================================================================
Received Import Request.
  Time since last request: 0.000026 seconds.
  path: Assets/TileMap/MasterSimple_24.asset
  artifactKey: Guid(c6153d64bd13336418c88f72f00524d8) Importer(815301076,1909f56bfc062723c751e8b465ee728b)
Start importing Assets/TileMap/MasterSimple_24.asset using Guid(c6153d64bd13336418c88f72f00524d8) Importer(815301076,1909f56bfc062723c751e8b465ee728b) [PhysX] Initialized MultithreadedTaskDispatcher with 12 workers.
 -> (artifact id: '297b5f3cfbea4a66b78d083ea7087b26') in 0.015392 seconds
Number of updated asset objects reloaded before import = 0
Number of asset objects unloaded after import = 134
========================================================================
Received Import Request.
  Time since last request: 0.000020 seconds.
  path: Assets/TileMap/MasterSimple_55.asset
  artifactKey: Guid(629f10f7a0447154a8651b1248384334) Importer(815301076,1909f56bfc062723c751e8b465ee728b)
Start importing Assets/TileMap/MasterSimple_55.asset using Guid(629f10f7a0447154a8651b1248384334) Importer(815301076,1909f56bfc062723c751e8b465ee728b) [PhysX] Initialized MultithreadedTaskDispatcher with 12 workers.
 -> (artifact id: '3451c8272a4be66731cd4013bd050178') in 0.014743 seconds
Number of updated asset objects reloaded before import = 0
Number of asset objects unloaded after import = 134
========================================================================
Received Import Request.
  Time since last request: 0.000025 seconds.
  path: Assets/TileMap/MasterSimple_7.asset
  artifactKey: Guid(b58965d0929599e488769d3fac62306f) Importer(815301076,1909f56bfc062723c751e8b465ee728b)
Start importing Assets/TileMap/MasterSimple_7.asset using Guid(b58965d0929599e488769d3fac62306f) Importer(815301076,1909f56bfc062723c751e8b465ee728b) [PhysX] Initialized MultithreadedTaskDispatcher with 12 workers.
 -> (artifact id: '7cff6879a1279c10f08d7c6a4cafef31') in 0.016830 seconds
Number of updated asset objects reloaded before import = 0
Number of asset objects unloaded after import = 134
========================================================================
Received Import Request.
  Time since last request: 0.000019 seconds.
  path: Assets/TileMap/MasterSimple_29.asset
  artifactKey: Guid(2db5fd9ff861a484ab1b842a97a63761) Importer(815301076,1909f56bfc062723c751e8b465ee728b)
Start importing Assets/TileMap/MasterSimple_29.asset using Guid(2db5fd9ff861a484ab1b842a97a63761) Importer(815301076,1909f56bfc062723c751e8b465ee728b) [PhysX] Initialized MultithreadedTaskDispatcher with 12 workers.
 -> (artifact id: 'a9b2f1c762cc9990609b92fbbc259cb0') in 0.015581 seconds
Number of updated asset objects reloaded before import = 0
Number of asset objects unloaded after import = 134
========================================================================
Received Import Request.
  Time since last request: 0.000027 seconds.
  path: Assets/TileMap/MasterSimple_43.asset
  artifactKey: Guid(c834fa65000af4f498afafe79d62544b) Importer(815301076,1909f56bfc062723c751e8b465ee728b)
Start importing Assets/TileMap/MasterSimple_43.asset using Guid(c834fa65000af4f498afafe79d62544b) Importer(815301076,1909f56bfc062723c751e8b465ee728b) [PhysX] Initialized MultithreadedTaskDispatcher with 12 workers.
 -> (artifact id: '13eec9ab5ceb249653fcb549a49558a1') in 0.019162 seconds
Number of updated asset objects reloaded before import = 0
Number of asset objects unloaded after import = 134
========================================================================
Received Import Request.
  Time since last request: 0.000043 seconds.
  path: Assets/TileMap/MasterSimple_85.asset
  artifactKey: Guid(029840118acb99c4485ce21e626e018d) Importer(815301076,1909f56bfc062723c751e8b465ee728b)
Start importing Assets/TileMap/MasterSimple_85.asset using Guid(029840118acb99c4485ce21e626e018d) Importer(815301076,1909f56bfc062723c751e8b465ee728b) [PhysX] Initialized MultithreadedTaskDispatcher with 12 workers.
 -> (artifact id: 'f114926aa39bd56a71898b5624f2e683') in 0.013586 seconds
Number of updated asset objects reloaded before import = 0
Number of asset objects unloaded after import = 134
========================================================================
Received Import Request.
  Time since last request: 0.000024 seconds.
  path: Assets/TileMap/MasterSimple_87.asset
  artifactKey: Guid(ae097414d9d11ac4787e26bdf77129ec) Importer(815301076,1909f56bfc062723c751e8b465ee728b)
Start importing Assets/TileMap/MasterSimple_87.asset using Guid(ae097414d9d11ac4787e26bdf77129ec) Importer(815301076,1909f56bfc062723c751e8b465ee728b) [PhysX] Initialized MultithreadedTaskDispatcher with 12 workers.
 -> (artifact id: 'ebff2cf08ba83af4c8c8d98cfa712364') in 0.016405 seconds
Number of updated asset objects reloaded before import = 0
Number of asset objects unloaded after import = 134
========================================================================
Received Import Request.
  Time since last request: 0.000030 seconds.
  path: Assets/TileMap/MasterSimple_44.asset
  artifactKey: Guid(a4d3f70bca3d2e6498da113889f5f56e) Importer(815301076,1909f56bfc062723c751e8b465ee728b)
Start importing Assets/TileMap/MasterSimple_44.asset using Guid(a4d3f70bca3d2e6498da113889f5f56e) Importer(815301076,1909f56bfc062723c751e8b465ee728b) [PhysX] Initialized MultithreadedTaskDispatcher with 12 workers.
 -> (artifact id: '2ff7a2088105ad42558ff54fc2512c45') in 0.015404 seconds
Number of updated asset objects reloaded before import = 0
Number of asset objects unloaded after import = 134
========================================================================
Received Import Request.
  Time since last request: 0.000020 seconds.
  path: Assets/TileMap/MasterSimple_11.asset
  artifactKey: Guid(d2ab56dfbe93ab7418a76373b35e031d) Importer(815301076,1909f56bfc062723c751e8b465ee728b)
Start importing Assets/TileMap/MasterSimple_11.asset using Guid(d2ab56dfbe93ab7418a76373b35e031d) Importer(815301076,1909f56bfc062723c751e8b465ee728b) [PhysX] Initialized MultithreadedTaskDispatcher with 12 workers.
 -> (artifact id: '8b40753d96610f8d2b55246e7bef78bf') in 0.015241 seconds
Number of updated asset objects reloaded before import = 0
Number of asset objects unloaded after import = 134
========================================================================
Received Import Request.
  Time since last request: 0.000021 seconds.
  path: Assets/TileMap/MasterSimple_67.asset
  artifactKey: Guid(371f1366f8c79b4489c5f23aa94047a5) Importer(815301076,1909f56bfc062723c751e8b465ee728b)
Start importing Assets/TileMap/MasterSimple_67.asset using Guid(371f1366f8c79b4489c5f23aa94047a5) Importer(815301076,1909f56bfc062723c751e8b465ee728b) [PhysX] Initialized MultithreadedTaskDispatcher with 12 workers.
 -> (artifact id: 'cda74917df0b28f713c87f9a4f4566c6') in 0.016371 seconds
Number of updated asset objects reloaded before import = 0
Number of asset objects unloaded after import = 134
========================================================================
Received Import Request.
  Time since last request: 0.000028 seconds.
  path: Assets/TileMap/MasterSimple_78.asset
  artifactKey: Guid(2f7a5f0cf2afb6e45a683aa5676b4595) Importer(815301076,1909f56bfc062723c751e8b465ee728b)
Start importing Assets/TileMap/MasterSimple_78.asset using Guid(2f7a5f0cf2afb6e45a683aa5676b4595) Importer(815301076,1909f56bfc062723c751e8b465ee728b) [PhysX] Initialized MultithreadedTaskDispatcher with 12 workers.
 -> (artifact id: '97c96640eb7bdff27b2a25be70dfb8fd') in 0.018442 seconds
Number of updated asset objects reloaded before import = 0
Number of asset objects unloaded after import = 134
========================================================================
Received Import Request.
  Time since last request: 0.000022 seconds.
  path: Assets/TileMap/MasterSimple_63.asset
  artifactKey: Guid(5262aa1100b2c9440a843122e67bce41) Importer(815301076,1909f56bfc062723c751e8b465ee728b)
Start importing Assets/TileMap/MasterSimple_63.asset using Guid(5262aa1100b2c9440a843122e67bce41) Importer(815301076,1909f56bfc062723c751e8b465ee728b) [PhysX] Initialized MultithreadedTaskDispatcher with 12 workers.
 -> (artifact id: 'd154b4739e7a5d76f572923efe341776') in 0.015370 seconds
Number of updated asset objects reloaded before import = 0
Number of asset objects unloaded after import = 134
========================================================================
Received Import Request.
  Time since last request: 0.000032 seconds.
  path: Assets/TileMap/MasterSimple_14.asset
  artifactKey: Guid(e6e03953d8b610c49aefd541dc10c719) Importer(815301076,1909f56bfc062723c751e8b465ee728b)
Start importing Assets/TileMap/MasterSimple_14.asset using Guid(e6e03953d8b610c49aefd541dc10c719) Importer(815301076,1909f56bfc062723c751e8b465ee728b) [PhysX] Initialized MultithreadedTaskDispatcher with 12 workers.
 -> (artifact id: '4e91626251335baa132a50f4368ba409') in 0.016964 seconds
Number of updated asset objects reloaded before import = 0
Number of asset objects unloaded after import = 134
========================================================================
Received Import Request.
  Time since last request: 0.000026 seconds.
  path: Assets/TileMap/MasterSimple_47.asset
  artifactKey: Guid(c5b09f01de8db1e4aa45500a8e35489f) Importer(815301076,1909f56bfc062723c751e8b465ee728b)
Start importing Assets/TileMap/MasterSimple_47.asset using Guid(c5b09f01de8db1e4aa45500a8e35489f) Importer(815301076,1909f56bfc062723c751e8b465ee728b) [PhysX] Initialized MultithreadedTaskDispatcher with 12 workers.
 -> (artifact id: 'aef2e2379620ac78898c726d53f4f269') in 0.014953 seconds
Number of updated asset objects reloaded before import = 0
Number of asset objects unloaded after import = 134
========================================================================
Received Import Request.
  Time since last request: 0.000035 seconds.
  path: Assets/TileMap/MasterSimple_81.asset
  artifactKey: Guid(142059b06d3f2a348b68483c563b62c1) Importer(815301076,1909f56bfc062723c751e8b465ee728b)
Start importing Assets/TileMap/MasterSimple_81.asset using Guid(142059b06d3f2a348b68483c563b62c1) Importer(815301076,1909f56bfc062723c751e8b465ee728b) [PhysX] Initialized MultithreadedTaskDispatcher with 12 workers.
 -> (artifact id: 'f18d8d680f4e9c2240e28065e2afe478') in 0.021577 seconds
Number of updated asset objects reloaded before import = 0
Number of asset objects unloaded after import = 134
========================================================================
Received Prepare
Caller must complete domain reload
Begin MonoManager ReloadAssembly
- Loaded All Assemblies, in  1.287 seconds
Native extension for WindowsStandalone target not found
Native extension for WebGL target not found
[Package Manager] Server::EnsureServerProcessIsRunning -- launch failed, reason: Unity was launched with the -noUpm command-line argument
[Package Manager] UpmClient::Send -- Unable to send message (not connected to UPM process).
[Package Manager] Cannot connect to Unity Package Manager local server
Mono: successfully reloaded assembly
- Finished resetting the current domain, in  1.107 seconds
Domain Reload Profiling: 2394ms
	BeginReloadAssembly (939ms)
		ExecutionOrderSort (0ms)
		DisableScriptedObjects (758ms)
		BackupInstance (0ms)
		ReleaseScriptingObjects (0ms)
		CreateAndSetChildDomain (56ms)
	RebuildCommonClasses (44ms)
	RebuildNativeTypeToScriptingClass (10ms)
	initialDomainReloadingComplete (35ms)
	LoadAllAssembliesAndSetupDomain (259ms)
		LoadAssemblies (327ms)
		RebuildTransferFunctionScriptingTraits (0ms)
		AnalyzeDomain (18ms)
			TypeCache.Refresh (6ms)
				TypeCache.ScanAssembly (0ms)
			ScanForSourceGeneratedMonoScriptInfo (0ms)
			ResolveRequiredComponents (11ms)
	FinalizeReload (1108ms)
		ReleaseScriptCaches (0ms)
		RebuildScriptCaches (0ms)
		SetupLoadedEditorAssemblies (879ms)
			LogAssemblyErrors (0ms)
			InitializePlatformSupportModulesInManaged (9ms)
			SetLoadedEditorAssemblies (5ms)
			RefreshPlugins (0ms)
			BeforeProcessingInitializeOnLoad (93ms)
			ProcessInitializeOnLoadAttributes (679ms)
			ProcessInitializeOnLoadMethodAttributes (84ms)
			AfterProcessingInitializeOnLoad (8ms)
			EditorAssembliesLoaded (0ms)
		ExecutionOrderSort2 (0ms)
		AwakeInstancesAfterBackupRestoration (20ms)
Refreshing native plugins compatible for Editor in 7.84 ms, found 4 plugins.
Preloading 0 native plugins for Editor in 0.00 ms.
Unloading 5896 Unused Serialized files (Serialized files now loaded: 0)
Unloading 20 unused Assets / (316.5 KB). Loaded Objects now: 6531.
Memory consumption went from 201.3 MB to 201.0 MB.
Total: 6.014400 ms (FindLiveObjects: 0.941400 ms CreateObjectMapping: 0.552900 ms MarkObjects: 4.347900 ms  DeleteObjects: 0.170800 ms)

Prepare: number of updated asset objects reloaded= 0
AssetImportParameters requested are different than current active one (requested -> active):
  custom:scripting/monoscript/fileName/EnemyAI.cs: ac5d928c2e7f4dc32564e545998185f9 -> b23c04a72171da1bfba3c740e359e309
  custom:container-demuxer-ogg: 62fdf1f143b41e24485cea50d1cbac27 -> 
  custom:video-decoder-ogg-theora: a1e56fd34408186e4bbccfd4996cb3dc -> 
  custom:framework-win-MediaFoundation: 216162199b28c13a410421893ffa2e32 -> 
  custom:scripting/monoscript/fileName/PlayerController.cs: 5b090d859ab09be631dc3b0f203f9571 -> d93a52a180fbbe603a59e9aa6da73c83
  custom:CustomObjectIndexerAttribute: 72b91833f83ae208fae7752999fa3104 -> 
  custom:scripting/monoscript/fileName/Player Controls.cs: 34c6ff9cf0aa0d720e612550af5c5d26 -> 849ed7f5b11c9db237ef61b01c5a5104
  custom:container-demuxer-webm: 4f35f7cbe854078d1ac9338744f61a02 -> 
  custom:container-muxer-webm: aa71ff27fc2769a1b78a27578f13a17b -> 
  custom:video-decoder-webm-vp8: 9c59270c3fd7afecdb556c50c9e8de78 -> 
  custom:SearchIndexIgnoredProperties: e643bd26f0fe6173181afceb89e7c659 -> 
  custom:AudioImporter_EditorPlatform: d09bf68614088b80899f8185d706f6e7 -> 
  custom:scripting/monoscript/fileName/EnemyPathfinding.cs: 12babaef6e87e55c401478cd4221230b -> a9bce29876a0a11d972ceeffd6469af8
  custom:video-encoder-webm-vp8: eb34c28f22e8b96e1ab97ce403110664 -> 
  custom:audio-decoder-ogg-vorbis: bf7c407c2cedff20999df2af8eb42d56 -> 
  custom:audio-encoder-webm-vorbis: bf7c407c2cedff20999df2af8eb42d56 -> 
========================================================================
Received Import Request.
  Time since last request: 56.705315 seconds.
  path: Assets/TileMap/MasterSimple_90.asset
  artifactKey: Guid(4975751e80700584d9ec0471c8086ad2) Importer(815301076,1909f56bfc062723c751e8b465ee728b)
Start importing Assets/TileMap/MasterSimple_90.asset using Guid(4975751e80700584d9ec0471c8086ad2) Importer(815301076,1909f56bfc062723c751e8b465ee728b) [PhysX] Initialized MultithreadedTaskDispatcher with 12 workers.
 -> (artifact id: '545f26b1252f0e99724cfe1f0725dc7d') in 0.062851 seconds
Number of updated asset objects reloaded before import = 0
Number of asset objects unloaded after import = 134
========================================================================
Received Import Request.
  Time since last request: 0.000022 seconds.
  path: Assets/TileMap/MasterSimple_96.asset
  artifactKey: Guid(5fc2a4943f3c829469b04d9129d1a4f6) Importer(815301076,1909f56bfc062723c751e8b465ee728b)
Start importing Assets/TileMap/MasterSimple_96.asset using Guid(5fc2a4943f3c829469b04d9129d1a4f6) Importer(815301076,1909f56bfc062723c751e8b465ee728b) [PhysX] Initialized MultithreadedTaskDispatcher with 12 workers.
 -> (artifact id: '6558c1468e7969ab281e592ef5b6bce8') in 0.017413 seconds
Number of updated asset objects reloaded before import = 0
Number of asset objects unloaded after import = 134
========================================================================
Received Import Request.
  Time since last request: 0.000028 seconds.
  path: Assets/TileMap/MasterSimple_120.asset
  artifactKey: Guid(f91c95bff28b1a0448191759d78af21e) Importer(815301076,1909f56bfc062723c751e8b465ee728b)
Start importing Assets/TileMap/MasterSimple_120.asset using Guid(f91c95bff28b1a0448191759d78af21e) Importer(815301076,1909f56bfc062723c751e8b465ee728b) [PhysX] Initialized MultithreadedTaskDispatcher with 12 workers.
 -> (artifact id: '1f2c1a843fcc5d68c0c77583db489361') in 0.015594 seconds
Number of updated asset objects reloaded before import = 0
Number of asset objects unloaded after import = 134
========================================================================
Received Import Request.
  Time since last request: 0.000043 seconds.
  path: Assets/TileMap/Tile.prefab
  artifactKey: Guid(4bdde9ccec2494243a2c1f9514019452) Importer(815301076,1909f56bfc062723c751e8b465ee728b)
Start importing Assets/TileMap/Tile.prefab using Guid(4bdde9ccec2494243a2c1f9514019452) Importer(815301076,1909f56bfc062723c751e8b465ee728b) [PhysX] Initialized MultithreadedTaskDispatcher with 12 workers.
[PhysX] Initialized MultithreadedTaskDispatcher with 12 workers.
 -> (artifact id: '21ad97217eb4c81bf4e9a257b59cc727') in 0.354200 seconds
Number of updated asset objects reloaded before import = 0
Number of asset objects unloaded after import = 293
========================================================================
Received Import Request.
  Time since last request: 0.000036 seconds.
  path: Assets/TileMap/MasterSimple_102.asset
  artifactKey: Guid(9c541b735426acc4da714304be6175f1) Importer(815301076,1909f56bfc062723c751e8b465ee728b)
Start importing Assets/TileMap/MasterSimple_102.asset using Guid(9c541b735426acc4da714304be6175f1) Importer(815301076,1909f56bfc062723c751e8b465ee728b) [PhysX] Initialized MultithreadedTaskDispatcher with 12 workers.
 -> (artifact id: 'ebca8a9368c9ce9ad0c82cb0cd69ec6b') in 0.014953 seconds
Number of updated asset objects reloaded before import = 0
Number of asset objects unloaded after import = 134
========================================================================
Received Import Request.
  Time since last request: 84.314631 seconds.
  path: Assets/TileMap/Fantasy/Outdoor decoration/Chest.png
  artifactKey: Guid(b039a101ff0f1e94d94dffbb3b8e1182) Importer(815301076,1909f56bfc062723c751e8b465ee728b)
Start importing Assets/TileMap/Fantasy/Outdoor decoration/Chest.png using Guid(b039a101ff0f1e94d94dffbb3b8e1182) Importer(815301076,1909f56bfc062723c751e8b465ee728b) [PhysX] Initialized MultithreadedTaskDispatcher with 12 workers.
[PhysX] Initialized MultithreadedTaskDispatcher with 12 workers.
 -> (artifact id: '7c3df3fd9ac57cb3320bc259fcb8a5dd') in 0.032342 seconds
Number of updated asset objects reloaded before import = 0
Number of asset objects unloaded after import = 3
========================================================================
Received Import Request.
  Time since last request: 0.000065 seconds.
  path: Assets/TileMap/Fantasy/Outdoor decoration/Outdoor_Decor_Free.png
  artifactKey: Guid(ad56720bd3b753941a3f25b15d870a79) Importer(815301076,1909f56bfc062723c751e8b465ee728b)
Start importing Assets/TileMap/Fantasy/Outdoor decoration/Outdoor_Decor_Free.png using Guid(ad56720bd3b753941a3f25b15d870a79) Importer(815301076,1909f56bfc062723c751e8b465ee728b) [PhysX] Initialized MultithreadedTaskDispatcher with 12 workers.
[PhysX] Initialized MultithreadedTaskDispatcher with 12 workers.
 -> (artifact id: 'ef0dc68fbe624dbe08770c43f3e5ae0e') in 0.022109 seconds
Number of updated asset objects reloaded before import = 0
Number of asset objects unloaded after import = 3
========================================================================
Received Import Request.
  Time since last request: 0.000058 seconds.
  path: Assets/TileMap/Fantasy/Outdoor decoration/Oak_Tree.png
  artifactKey: Guid(f28aa60b4e761af489636c0515f9dbfb) Importer(815301076,1909f56bfc062723c751e8b465ee728b)
Start importing Assets/TileMap/Fantasy/Outdoor decoration/Oak_Tree.png using Guid(f28aa60b4e761af489636c0515f9dbfb) Importer(815301076,1909f56bfc062723c751e8b465ee728b) [PhysX] Initialized MultithreadedTaskDispatcher with 12 workers.
[PhysX] Initialized MultithreadedTaskDispatcher with 12 workers.
 -> (artifact id: 'b9d6a70a980cd8d3344c002c38a63c33') in 0.023992 seconds
Number of updated asset objects reloaded before import = 0
Number of asset objects unloaded after import = 3
========================================================================
Received Prepare
Caller must complete domain reload
Begin MonoManager ReloadAssembly
- Loaded All Assemblies, in  0.574 seconds
Native extension for WindowsStandalone target not found
Native extension for WebGL target not found
[Package Manager] Server::EnsureServerProcessIsRunning -- launch failed, reason: Unity was launched with the -noUpm command-line argument
[Package Manager] UpmClient::Send -- Unable to send message (not connected to UPM process).
[Package Manager] Cannot connect to Unity Package Manager local server
Mono: successfully reloaded assembly
- Finished resetting the current domain, in  1.993 seconds
Domain Reload Profiling: 2563ms
	BeginReloadAssembly (203ms)
		ExecutionOrderSort (0ms)
		DisableScriptedObjects (15ms)
		BackupInstance (0ms)
		ReleaseScriptingObjects (0ms)
		CreateAndSetChildDomain (48ms)
	RebuildCommonClasses (59ms)
	RebuildNativeTypeToScriptingClass (13ms)
	initialDomainReloadingComplete (39ms)
	LoadAllAssembliesAndSetupDomain (257ms)
		LoadAssemblies (341ms)
		RebuildTransferFunctionScriptingTraits (0ms)
		AnalyzeDomain (21ms)
			TypeCache.Refresh (6ms)
				TypeCache.ScanAssembly (0ms)
			ScanForSourceGeneratedMonoScriptInfo (0ms)
			ResolveRequiredComponents (13ms)
	FinalizeReload (1993ms)
		ReleaseScriptCaches (0ms)
		RebuildScriptCaches (0ms)
		SetupLoadedEditorAssemblies (959ms)
			LogAssemblyErrors (0ms)
			InitializePlatformSupportModulesInManaged (8ms)
			SetLoadedEditorAssemblies (4ms)
			RefreshPlugins (0ms)
			BeforeProcessingInitializeOnLoad (119ms)
			ProcessInitializeOnLoadAttributes (737ms)
			ProcessInitializeOnLoadMethodAttributes (82ms)
			AfterProcessingInitializeOnLoad (9ms)
			EditorAssembliesLoaded (0ms)
		ExecutionOrderSort2 (0ms)
		AwakeInstancesAfterBackupRestoration (23ms)
Refreshing native plugins compatible for Editor in 7.62 ms, found 4 plugins.
Preloading 0 native plugins for Editor in 0.00 ms.
Unloading 5896 Unused Serialized files (Serialized files now loaded: 0)
Unloading 20 unused Assets / (316.6 KB). Loaded Objects now: 6589.
Memory consumption went from 201.9 MB to 201.6 MB.
Total: 7.633200 ms (FindLiveObjects: 1.103800 ms CreateObjectMapping: 0.472800 ms MarkObjects: 5.923800 ms  DeleteObjects: 0.131200 ms)

Prepare: number of updated asset objects reloaded= 0
AssetImportParameters requested are different than current active one (requested -> active):
  custom:scripting/monoscript/fileName/EnemyAI.cs: ac5d928c2e7f4dc32564e545998185f9 -> b23c04a72171da1bfba3c740e359e309
  custom:container-demuxer-ogg: 62fdf1f143b41e24485cea50d1cbac27 -> 
  custom:video-decoder-ogg-theora: a1e56fd34408186e4bbccfd4996cb3dc -> 
  custom:framework-win-MediaFoundation: 216162199b28c13a410421893ffa2e32 -> 
  custom:scripting/monoscript/fileName/PlayerController.cs: 5b090d859ab09be631dc3b0f203f9571 -> d93a52a180fbbe603a59e9aa6da73c83
  custom:CustomObjectIndexerAttribute: 72b91833f83ae208fae7752999fa3104 -> 
  custom:scripting/monoscript/fileName/Player Controls.cs: 34c6ff9cf0aa0d720e612550af5c5d26 -> 849ed7f5b11c9db237ef61b01c5a5104
  custom:container-demuxer-webm: 4f35f7cbe854078d1ac9338744f61a02 -> 
  custom:container-muxer-webm: aa71ff27fc2769a1b78a27578f13a17b -> 
  custom:video-decoder-webm-vp8: 9c59270c3fd7afecdb556c50c9e8de78 -> 
  custom:SearchIndexIgnoredProperties: e643bd26f0fe6173181afceb89e7c659 -> 
  custom:AudioImporter_EditorPlatform: d09bf68614088b80899f8185d706f6e7 -> 
  custom:scripting/monoscript/fileName/EnemyPathfinding.cs: 12babaef6e87e55c401478cd4221230b -> a9bce29876a0a11d972ceeffd6469af8
  custom:video-encoder-webm-vp8: eb34c28f22e8b96e1ab97ce403110664 -> 
  custom:audio-decoder-ogg-vorbis: bf7c407c2cedff20999df2af8eb42d56 -> 
  custom:audio-encoder-webm-vorbis: bf7c407c2cedff20999df2af8eb42d56 -> 
Editor requested this worker to shutdown with reason: Scaling down because of idle timeout
TcpMessagingSession - receive error: operation aborted. errorcode: 995, details: The I/O operation has been aborted because of either a thread exit or an application request.
AssetImportWorker is now disconnected from the server
Process exiting
Exiting without the bug reporter. Application will terminate with return code 0